# JRE version: Java(TM) SE Runtime Environment (8.0_131-b11) (build 1.8.0_131-b11)
# Java VM: Java HotSpot(TM) 64-Bit Server VM (25.131-b11 mixed mode bsd-amd64 compressed oops)
Heap:
 PSYoungGen      total 421376K, used 255305K [0x000000076ab00000, 0x0000000786180000, 0x00000007c0000000)
  eden space 402432K, 58% used [0x000000076ab00000,0x00000007791d41d0,0x0000000783400000)
  from space 18944K, 99% used [0x0000000784900000,0x0000000785b7e408,0x0000000785b80000)
  to   space 21504K, 0% used [0x0000000783400000,0x0000000783400000,0x0000000784900000)
 ParOldGen       total 150528K, used 23906K [0x00000006c0000000, 0x00000006c9300000, 0x000000076ab00000)
  object space 150528K, 15% used [0x00000006c0000000,0x00000006c1758890,0x00000006c9300000)
 Metaspace       used 57046K, capacity 57702K, committed 58112K, reserved 1099776K
  class space    used 7480K, capacity 7663K, committed 7680K, reserved 1048576K
GC Heap History (10 events):
Event: 3.049 GC heap before
{Heap before GC invocations=8 (full 1):
 PSYoungGen      total 211456K, used 42822K [0x000000076ab00000, 0x0000000778a80000, 0x00000007c0000000)
  eden space 201216K, 16% used [0x000000076ab00000,0x000000076cad72c0,0x0000000776f80000)
  from space 10240K, 99% used [0x0000000777e80000,0x000000077887a590,0x0000000778880000)
  to   space 13824K, 0% used [0x0000000776f80000,0x0000000776f80000,0x0000000777d00000)
 ParOldGen       total 99328K, used 12540K [0x00000006c0000000, 0x00000006c6100000, 0x000000076ab00000)
  object space 99328K, 12% used [0x00000006c0000000,0x00000006c0c3f390,0x00000006c6100000)
 Metaspace       used 34793K, capacity 35254K, committed 35496K, reserved 1081344K
  class space    used 4402K, capacity 4565K, committed 4608K, reserved 1048576K
Event: 3.058 GC heap after
Heap after GC invocations=8 (full 1):
 PSYoungGen      total 215040K, used 12688K [0x000000076ab00000, 0x0000000780180000, 0x00000007c0000000)
  eden space 201216K, 0% used [0x000000076ab00000,0x000000076ab00000,0x0000000776f80000)
  from space 13824K, 91% used [0x0000000776f80000,0x0000000777be4018,0x0000000777d00000)
  to   space 14848K, 0% used [0x000000077f300000,0x000000077f300000,0x0000000780180000)
 ParOldGen       total 99328K, used 12548K [0x00000006c0000000, 0x00000006c6100000, 0x000000076ab00000)
  object space 99328K, 12% used [0x00000006c0000000,0x00000006c0c41390,0x00000006c6100000)
 Metaspace       used 34793K, capacity 35254K, committed 35496K, reserved 1081344K
  class space    used 4402K, capacity 4565K, committed 4608K, reserved 1048576K
}
Event: 3.058 GC heap before
{Heap before GC invocations=9 (full 2):
 PSYoungGen      total 215040K, used 12688K [0x000000076ab00000, 0x0000000780180000, 0x00000007c0000000)
  eden space 201216K, 0% used [0x000000076ab00000,0x000000076ab00000,0x0000000776f80000)
  from space 13824K, 91% used [0x0000000776f80000,0x0000000777be4018,0x0000000777d00000)
  to   space 14848K, 0% used [0x000000077f300000,0x000000077f300000,0x0000000780180000)
 ParOldGen       total 99328K, used 12548K [0x00000006c0000000, 0x00000006c6100000, 0x000000076ab00000)
  object space 99328K, 12% used [0x00000006c0000000,0x00000006c0c41390,0x00000006c6100000)
 Metaspace       used 34793K, capacity 35254K, committed 35496K, reserved 1081344K
  class space    used 4402K, capacity 4565K, committed 4608K, reserved 1048576K
Event: 3.101 GC heap after
Heap after GC invocations=9 (full 2):
 PSYoungGen      total 215040K, used 0K [0x000000076ab00000, 0x0000000780180000, 0x00000007c0000000)
  eden space 201216K, 0% used [0x000000076ab00000,0x000000076ab00000,0x0000000776f80000)
  from space 13824K, 0% used [0x0000000776f80000,0x0000000776f80000,0x0000000777d00000)
  to   space 14848K, 0% used [0x000000077f300000,0x000000077f300000,0x0000000780180000)
 ParOldGen       total 150528K, used 19224K [0x00000006c0000000, 0x00000006c9300000, 0x000000076ab00000)
  object space 150528K, 12% used [0x00000006c0000000,0x00000006c12c6290,0x00000006c9300000)
 Metaspace       used 34793K, capacity 35254K, committed 35496K, reserved 1081344K
  class space    used 4402K, capacity 4565K, committed 4608K, reserved 1048576K
}
Event: 4.196 GC heap before
{Heap before GC invocations=10 (full 2):
 PSYoungGen      total 215040K, used 201216K [0x000000076ab00000, 0x0000000780180000, 0x00000007c0000000)
  eden space 201216K, 100% used [0x000000076ab00000,0x0000000776f80000,0x0000000776f80000)
  from space 13824K, 0% used [0x0000000776f80000,0x0000000776f80000,0x0000000777d00000)
  to   space 14848K, 0% used [0x000000077f300000,0x000000077f300000,0x0000000780180000)
 ParOldGen       total 150528K, used 19224K [0x00000006c0000000, 0x00000006c9300000, 0x000000076ab00000)
  object space 150528K, 12% used [0x00000006c0000000,0x00000006c12c6290,0x00000006c9300000)
 Metaspace       used 47277K, capacity 47784K, committed 48128K, reserved 1091584K
  class space    used 6200K, capacity 6376K, committed 6400K, reserved 1048576K
Event: 4.211 GC heap after
Heap after GC invocations=10 (full 2):
 PSYoungGen      total 326144K, used 14827K [0x000000076ab00000, 0x0000000780180000, 0x00000007c0000000)
  eden space 311296K, 0% used [0x000000076ab00000,0x000000076ab00000,0x000000077db00000)
  from space 14848K, 99% used [0x000000077f300000,0x000000078017acb8,0x0000000780180000)
  to   space 17920K, 0% used [0x000000077de80000,0x000000077de80000,0x000000077f000000)
 ParOldGen       total 150528K, used 23287K [0x00000006c0000000, 0x00000006c9300000, 0x000000076ab00000)
  object space 150528K, 15% used [0x00000006c0000000,0x00000006c16bdd40,0x00000006c9300000)
 Metaspace       used 47277K, capacity 47784K, committed 48128K, reserved 1091584K
  class space    used 6200K, capacity 6376K, committed 6400K, reserved 1048576K
}
Event: 5.437 GC heap before
{Heap before GC invocations=11 (full 2):
 PSYoungGen      total 326144K, used 326123K [0x000000076ab00000, 0x0000000780180000, 0x00000007c0000000)
  eden space 311296K, 100% used [0x000000076ab00000,0x000000077db00000,0x000000077db00000)
  from space 14848K, 99% used [0x000000077f300000,0x000000078017acb8,0x0000000780180000)
  to   space 17920K, 0% used [0x000000077de80000,0x000000077de80000,0x000000077f000000)
 ParOldGen       total 150528K, used 23287K [0x00000006c0000000, 0x00000006c9300000, 0x000000076ab00000)
  object space 150528K, 15% used [0x00000006c0000000,0x00000006c16bdd40,0x00000006c9300000)
 Metaspace       used 50281K, capacity 50844K, committed 51072K, reserved 1093632K
  class space    used 6591K, capacity 6742K, committed 6784K, reserved 1048576K
Event: 5.449 GC heap after
Heap after GC invocations=11 (full 2):
 PSYoungGen      total 332800K, used 15576K [0x000000076ab00000, 0x0000000785b80000, 0x00000007c0000000)
  eden space 314880K, 0% used [0x000000076ab00000,0x000000076ab00000,0x000000077de80000)
  from space 17920K, 86% used [0x000000077de80000,0x000000077edb62b0,0x000000077f000000)
  to   space 18944K, 0% used [0x0000000784900000,0x0000000784900000,0x0000000785b80000)
 ParOldGen       total 150528K, used 23295K [0x00000006c0000000, 0x00000006c9300000, 0x000000076ab00000)
  object space 150528K, 15% used [0x00000006c0000000,0x00000006c16bfd40,0x00000006c9300000)
 Metaspace       used 50281K, capacity 50844K, committed 51072K, reserved 1093632K
  class space    used 6591K, capacity 6742K, committed 6784K, reserved 1048576K
}
Event: 6.546 GC heap before
{Heap before GC invocations=12 (full 2):
 PSYoungGen      total 332800K, used 330456K [0x000000076ab00000, 0x0000000785b80000, 0x00000007c0000000)
  eden space 314880K, 100% used [0x000000076ab00000,0x000000077de80000,0x000000077de80000)
  from space 17920K, 86% used [0x000000077de80000,0x000000077edb62b0,0x000000077f000000)
  to   space 18944K, 0% used [0x0000000784900000,0x0000000784900000,0x0000000785b80000)
 ParOldGen       total 150528K, used 23295K [0x00000006c0000000, 0x00000006c9300000, 0x000000076ab00000)
  object space 150528K, 15% used [0x00000006c0000000,0x00000006c16bfd40,0x00000006c9300000)
 Metaspace       used 52837K, capacity 53416K, committed 53760K, reserved 1095680K
  class space    used 6913K, capacity 7102K, committed 7168K, reserved 1048576K
Event: 6.564 GC heap after
Heap after GC invocations=12 (full 2):
 PSYoungGen      total 421376K, used 18937K [0x000000076ab00000, 0x0000000786180000, 0x00000007c0000000)
  eden space 402432K, 0% used [0x000000076ab00000,0x000000076ab00000,0x0000000783400000)
  from space 18944K, 99% used [0x0000000784900000,0x0000000785b7e408,0x0000000785b80000)
  to   space 21504K, 0% used [0x0000000783400000,0x0000000783400000,0x0000000784900000)
 ParOldGen       total 150528K, used 23906K [0x00000006c0000000, 0x00000006c9300000, 0x000000076ab00000)
  object space 150528K, 15% used [0x00000006c0000000,0x00000006c1758890,0x00000006c9300000)
 Metaspace       used 52837K, capacity 53416K, committed 53760K, reserved 1095680K
  class space    used 6913K, capacity 7102K, committed 7168K, reserved 1048576K
}

